<?xml version="1.0" encoding="UTF-8"?>
<testsuite xmlns:xsi="http://www.w3.org/2001/XMLSchema-instance" xsi:noNamespaceSchemaLocation="https://maven.apache.org/surefire/maven-failsafe-plugin/xsd/failsafe-test-report-3.0.xsd" version="3.0" name="victoria.adidas.runners.pet.createPet.CreatePetAPI" time="5.899" tests="1" errors="0" skipped="0" failures="0">
  <properties>
    <property name="sun.desktop" value="gnome"/>
    <property name="awt.toolkit" value="sun.awt.X11.XToolkit"/>
    <property name="java.specification.version" value="11"/>
    <property name="sun.cpu.isalist" value=""/>
    <property name="sun.jnu.encoding" value="UTF-8"/>
    <property name="java.class.path" value="/home/vlopez/Escritorio/victoria_lopez_adidas/adidas/target/test-classes:/home/vlopez/Escritorio/victoria_lopez_adidas/adidas/target/adidas-1.0.jar:/home/vlopez/.m2/repository/com/github/privaliatech/gingerspec/2.2.7/gingerspec-2.2.7.jar:/home/vlopez/.m2/repository/org/assertj/assertj-core/3.16.0/assertj-core-3.16.0.jar:/home/vlopez/.m2/repository/org/slf4j/slf4j-api/1.7.30/slf4j-api-1.7.30.jar:/home/vlopez/.m2/repository/org/reflections/reflections/0.9.9-RC1/reflections-0.9.9-RC1.jar:/home/vlopez/.m2/repository/org/javassist/javassist/3.16.1-GA/javassist-3.16.1-GA.jar:/home/vlopez/.m2/repository/dom4j/dom4j/1.6.1/dom4j-1.6.1.jar:/home/vlopez/.m2/repository/org/jacoco/org.jacoco.core/0.7.5.201505241946/org.jacoco.core-0.7.5.201505241946.jar:/home/vlopez/.m2/repository/org/ow2/asm/asm-debug-all/5.0.1/asm-debug-all-5.0.1.jar:/home/vlopez/.m2/repository/org/aspectj/aspectjweaver/1.9.5/aspectjweaver-1.9.5.jar:/home/vlopez/.m2/repository/com/datastax/cassandra/cassandra-driver-core/3.2.0/cassandra-driver-core-3.2.0.jar:/home/vlopez/.m2/repository/io/netty/netty-handler/4.0.44.Final/netty-handler-4.0.44.Final.jar:/home/vlopez/.m2/repository/io/netty/netty-buffer/4.0.44.Final/netty-buffer-4.0.44.Final.jar:/home/vlopez/.m2/repository/io/netty/netty-common/4.0.44.Final/netty-common-4.0.44.Final.jar:/home/vlopez/.m2/repository/io/netty/netty-transport/4.0.44.Final/netty-transport-4.0.44.Final.jar:/home/vlopez/.m2/repository/io/netty/netty-codec/4.0.44.Final/netty-codec-4.0.44.Final.jar:/home/vlopez/.m2/repository/io/dropwizard/metrics/metrics-core/3.1.2/metrics-core-3.1.2.jar:/home/vlopez/.m2/repository/com/github/jnr/jnr-ffi/2.0.7/jnr-ffi-2.0.7.jar:/home/vlopez/.m2/repository/com/github/jnr/jffi/1.2.10/jffi-1.2.10.jar:/home/vlopez/.m2/repository/com/github/jnr/jffi/1.2.10/jffi-1.2.10-native.jar:/home/vlopez/.m2/repository/org/ow2/asm/asm/5.0.3/asm-5.0.3.jar:/home/vlopez/.m2/repository/org/ow2/asm/asm-commons/5.0.3/asm-commons-5.0.3.jar:/home/vlopez/.m2/repository/org/ow2/asm/asm-analysis/5.0.3/asm-analysis-5.0.3.jar:/home/vlopez/.m2/repository/org/ow2/asm/asm-tree/5.0.3/asm-tree-5.0.3.jar:/home/vlopez/.m2/repository/org/ow2/asm/asm-util/5.0.3/asm-util-5.0.3.jar:/home/vlopez/.m2/repository/com/github/jnr/jnr-x86asm/1.0.2/jnr-x86asm-1.0.2.jar:/home/vlopez/.m2/repository/com/github/jnr/jnr-posix/3.0.27/jnr-posix-3.0.27.jar:/home/vlopez/.m2/repository/com/github/jnr/jnr-constants/0.9.0/jnr-constants-0.9.0.jar:/home/vlopez/.m2/repository/com/google/guava/guava/23.0/guava-23.0.jar:/home/vlopez/.m2/repository/com/google/code/findbugs/jsr305/1.3.9/jsr305-1.3.9.jar:/home/vlopez/.m2/repository/com/google/errorprone/error_prone_annotations/2.0.18/error_prone_annotations-2.0.18.jar:/home/vlopez/.m2/repository/com/google/j2objc/j2objc-annotations/1.1/j2objc-annotations-1.1.jar:/home/vlopez/.m2/repository/org/codehaus/mojo/animal-sniffer-annotations/1.14/animal-sniffer-annotations-1.14.jar:/home/vlopez/.m2/repository/org/apache/httpcomponents/httpclient/4.5.1/httpclient-4.5.1.jar:/home/vlopez/.m2/repository/org/apache/httpcomponents/httpcore/4.4.3/httpcore-4.4.3.jar:/home/vlopez/.m2/repository/commons-logging/commons-logging/1.2/commons-logging-1.2.jar:/home/vlopez/.m2/repository/commons-codec/commons-codec/1.9/commons-codec-1.9.jar:/home/vlopez/.m2/repository/org/mongodb/mongo-java-driver/2.12.3/mongo-java-driver-2.12.3.jar:/home/vlopez/.m2/repository/org/seleniumhq/selenium/selenium-java/3.141.59/selenium-java-3.141.59.jar:/home/vlopez/.m2/repository/org/seleniumhq/selenium/selenium-chrome-driver/3.141.59/selenium-chrome-driver-3.141.59.jar:/home/vlopez/.m2/repository/org/seleniumhq/selenium/selenium-edge-driver/3.141.59/selenium-edge-driver-3.141.59.jar:/home/vlopez/.m2/repository/org/seleniumhq/selenium/selenium-firefox-driver/3.141.59/selenium-firefox-driver-3.141.59.jar:/home/vlopez/.m2/repository/org/seleniumhq/selenium/selenium-ie-driver/3.141.59/selenium-ie-driver-3.141.59.jar:/home/vlopez/.m2/repository/org/seleniumhq/selenium/selenium-opera-driver/3.141.59/selenium-opera-driver-3.141.59.jar:/home/vlopez/.m2/repository/org/seleniumhq/selenium/selenium-remote-driver/3.141.59/selenium-remote-driver-3.141.59.jar:/home/vlopez/.m2/repository/org/seleniumhq/selenium/selenium-safari-driver/3.141.59/selenium-safari-driver-3.141.59.jar:/home/vlopez/.m2/repository/org/seleniumhq/selenium/selenium-support/3.141.59/selenium-support-3.141.59.jar:/home/vlopez/.m2/repository/org/apache/commons/commons-exec/1.3/commons-exec-1.3.jar:/home/vlopez/.m2/repository/com/squareup/okhttp3/okhttp/3.11.0/okhttp-3.11.0.jar:/home/vlopez/.m2/repository/com/squareup/okio/okio/1.14.0/okio-1.14.0.jar:/home/vlopez/.m2/repository/org/jsoup/jsoup/1.7.3/jsoup-1.7.3.jar:/home/vlopez/.m2/repository/org/apache/logging/log4j/log4j-api/2.14.1/log4j-api-2.14.1.jar:/home/vlopez/.m2/repository/com/ning/async-http-client/1.9.40/async-http-client-1.9.40.jar:/home/vlopez/.m2/repository/io/netty/netty/3.10.6.Final/netty-3.10.6.Final.jar:/home/vlopez/.m2/repository/org/json/json/20140107/json-20140107.jar:/home/vlopez/.m2/repository/org/hjson/hjson/1.1.4/hjson-1.1.4.jar:/home/vlopez/.m2/repository/com/jayway/jsonpath/json-path/2.4.0/json-path-2.4.0.jar:/home/vlopez/.m2/repository/net/minidev/json-smart/2.3/json-smart-2.3.jar:/home/vlopez/.m2/repository/net/minidev/accessors-smart/1.2/accessors-smart-1.2.jar:/home/vlopez/.m2/repository/io/cucumber/cucumber-java/6.9.0/cucumber-java-6.9.0.jar:/home/vlopez/.m2/repository/io/cucumber/cucumber-core/6.9.0/cucumber-core-6.9.0.jar:/home/vlopez/.m2/repository/io/cucumber/cucumber-gherkin/6.9.0/cucumber-gherkin-6.9.0.jar:/home/vlopez/.m2/repository/io/cucumber/cucumber-gherkin-messages/6.9.0/cucumber-gherkin-messages-6.9.0.jar:/home/vlopez/.m2/repository/io/cucumber/messages/13.2.0/messages-13.2.0.jar:/home/vlopez/.m2/repository/io/cucumber/tag-expressions/3.0.0/tag-expressions-3.0.0.jar:/home/vlopez/.m2/repository/io/cucumber/cucumber-expressions/10.3.0/cucumber-expressions-10.3.0.jar:/home/vlopez/.m2/repository/io/cucumber/datatable/3.5.0/datatable-3.5.0.jar:/home/vlopez/.m2/repository/io/cucumber/cucumber-plugin/6.9.0/cucumber-plugin-6.9.0.jar:/home/vlopez/.m2/repository/io/cucumber/docstring/6.9.0/docstring-6.9.0.jar:/home/vlopez/.m2/repository/io/cucumber/html-formatter/9.0.0/html-formatter-9.0.0.jar:/home/vlopez/.m2/repository/io/cucumber/create-meta/2.0.4/create-meta-2.0.4.jar:/home/vlopez/.m2/repository/org/apiguardian/apiguardian-api/1.1.0/apiguardian-api-1.1.0.jar:/home/vlopez/.m2/repository/io/cucumber/cucumber-picocontainer/6.9.0/cucumber-picocontainer-6.9.0.jar:/home/vlopez/.m2/repository/org/picocontainer/picocontainer/2.15/picocontainer-2.15.jar:/home/vlopez/.m2/repository/io/cucumber/cucumber-testng/6.9.0/cucumber-testng-6.9.0.jar:/home/vlopez/.m2/repository/org/testng/testng/7.3.0/testng-7.3.0.jar:/home/vlopez/.m2/repository/com/beust/jcommander/1.78/jcommander-1.78.jar:/home/vlopez/.m2/repository/org/apache/ant/ant/1.10.3/ant-1.10.3.jar:/home/vlopez/.m2/repository/org/apache/ant/ant-launcher/1.10.3/ant-launcher-1.10.3.jar:/home/vlopez/.m2/repository/junit/junit/4.12/junit-4.12.jar:/home/vlopez/.m2/repository/com/google/inject/guice/4.2.2/guice-4.2.2-no_aop.jar:/home/vlopez/.m2/repository/javax/inject/javax.inject/1/javax.inject-1.jar:/home/vlopez/.m2/repository/aopalliance/aopalliance/1.0/aopalliance-1.0.jar:/home/vlopez/.m2/repository/org/yaml/snakeyaml/1.21/snakeyaml-1.21.jar:/home/vlopez/.m2/repository/com/jcraft/jsch/0.1.53/jsch-0.1.53.jar:/home/vlopez/.m2/repository/net/sourceforge/javacsv/javacsv/2.0/javacsv-2.0.jar:/home/vlopez/.m2/repository/org/elasticsearch/elasticsearch/2.2.0/elasticsearch-2.2.0.jar:/home/vlopez/.m2/repository/org/apache/lucene/lucene-core/5.4.1/lucene-core-5.4.1.jar:/home/vlopez/.m2/repository/org/apache/lucene/lucene-backward-codecs/5.4.1/lucene-backward-codecs-5.4.1.jar:/home/vlopez/.m2/repository/org/apache/lucene/lucene-analyzers-common/5.4.1/lucene-analyzers-common-5.4.1.jar:/home/vlopez/.m2/repository/org/apache/lucene/lucene-queries/5.4.1/lucene-queries-5.4.1.jar:/home/vlopez/.m2/repository/org/apache/lucene/lucene-memory/5.4.1/lucene-memory-5.4.1.jar:/home/vlopez/.m2/repository/org/apache/lucene/lucene-highlighter/5.4.1/lucene-highlighter-5.4.1.jar:/home/vlopez/.m2/repository/org/apache/lucene/lucene-queryparser/5.4.1/lucene-queryparser-5.4.1.jar:/home/vlopez/.m2/repository/org/apache/lucene/lucene-sandbox/5.4.1/lucene-sandbox-5.4.1.jar:/home/vlopez/.m2/repository/org/apache/lucene/lucene-suggest/5.4.1/lucene-suggest-5.4.1.jar:/home/vlopez/.m2/repository/org/apache/lucene/lucene-misc/5.4.1/lucene-misc-5.4.1.jar:/home/vlopez/.m2/repository/org/apache/lucene/lucene-join/5.4.1/lucene-join-5.4.1.jar:/home/vlopez/.m2/repository/org/apache/lucene/lucene-grouping/5.4.1/lucene-grouping-5.4.1.jar:/home/vlopez/.m2/repository/org/apache/lucene/lucene-spatial/5.4.1/lucene-spatial-5.4.1.jar:/home/vlopez/.m2/repository/org/apache/lucene/lucene-spatial3d/5.4.1/lucene-spatial3d-5.4.1.jar:/home/vlopez/.m2/repository/com/spatial4j/spatial4j/0.5/spatial4j-0.5.jar:/home/vlopez/.m2/repository/org/elasticsearch/securesm/1.0/securesm-1.0.jar:/home/vlopez/.m2/repository/com/carrotsearch/hppc/0.7.1/hppc-0.7.1.jar:/home/vlopez/.m2/repository/joda-time/joda-time/2.8.2/joda-time-2.8.2.jar:/home/vlopez/.m2/repository/org/joda/joda-convert/1.2/joda-convert-1.2.jar:/home/vlopez/.m2/repository/com/fasterxml/jackson/dataformat/jackson-dataformat-smile/2.6.2/jackson-dataformat-smile-2.6.2.jar:/home/vlopez/.m2/repository/com/fasterxml/jackson/dataformat/jackson-dataformat-yaml/2.6.2/jackson-dataformat-yaml-2.6.2.jar:/home/vlopez/.m2/repository/com/fasterxml/jackson/dataformat/jackson-dataformat-cbor/2.6.2/jackson-dataformat-cbor-2.6.2.jar:/home/vlopez/.m2/repository/com/ning/compress-lzf/1.0.2/compress-lzf-1.0.2.jar:/home/vlopez/.m2/repository/com/tdunning/t-digest/3.0/t-digest-3.0.jar:/home/vlopez/.m2/repository/org/hdrhistogram/HdrHistogram/2.1.6/HdrHistogram-2.1.6.jar:/home/vlopez/.m2/repository/commons-cli/commons-cli/1.3.1/commons-cli-1.3.1.jar:/home/vlopez/.m2/repository/com/twitter/jsr166e/1.1.0/jsr166e-1.1.0.jar:/home/vlopez/.m2/repository/com/fasterxml/jackson/core/jackson-core/2.11.0/jackson-core-2.11.0.jar:/home/vlopez/.m2/repository/com/fasterxml/jackson/core/jackson-databind/2.10.3/jackson-databind-2.10.3.jar:/home/vlopez/.m2/repository/com/fasterxml/jackson/core/jackson-annotations/2.10.3/jackson-annotations-2.10.3.jar:/home/vlopez/.m2/repository/org/apache/kafka/kafka-clients/1.1.0/kafka-clients-1.1.0.jar:/home/vlopez/.m2/repository/org/lz4/lz4-java/1.4/lz4-java-1.4.jar:/home/vlopez/.m2/repository/org/xerial/snappy/snappy-java/1.1.7.1/snappy-java-1.1.7.1.jar:/home/vlopez/.m2/repository/io/confluent/kafka-avro-serializer/3.1.1/kafka-avro-serializer-3.1.1.jar:/home/vlopez/.m2/repository/io/confluent/kafka-schema-registry-client/3.1.1/kafka-schema-registry-client-3.1.1.jar:/home/vlopez/.m2/repository/io/confluent/common-config/3.1.1/common-config-3.1.1.jar:/home/vlopez/.m2/repository/io/confluent/common-utils/3.1.1/common-utils-3.1.1.jar:/home/vlopez/.m2/repository/org/apache/avro/avro/1.8.0/avro-1.8.0.jar:/home/vlopez/.m2/repository/org/codehaus/jackson/jackson-core-asl/1.9.13/jackson-core-asl-1.9.13.jar:/home/vlopez/.m2/repository/org/codehaus/jackson/jackson-mapper-asl/1.9.13/jackson-mapper-asl-1.9.13.jar:/home/vlopez/.m2/repository/com/thoughtworks/paranamer/paranamer/2.7/paranamer-2.7.jar:/home/vlopez/.m2/repository/org/apache/commons/commons-compress/1.8.1/commons-compress-1.8.1.jar:/home/vlopez/.m2/repository/org/tukaani/xz/1.5/xz-1.5.jar:/home/vlopez/.m2/repository/org/apache/kafka/kafka_2.12/1.1.0/kafka_2.12-1.1.0.jar:/home/vlopez/.m2/repository/net/sf/jopt-simple/jopt-simple/5.0.4/jopt-simple-5.0.4.jar:/home/vlopez/.m2/repository/com/yammer/metrics/metrics-core/2.2.0/metrics-core-2.2.0.jar:/home/vlopez/.m2/repository/org/scala-lang/scala-library/2.12.4/scala-library-2.12.4.jar:/home/vlopez/.m2/repository/org/scala-lang/scala-reflect/2.12.4/scala-reflect-2.12.4.jar:/home/vlopez/.m2/repository/com/typesafe/scala-logging/scala-logging_2.12/3.7.2/scala-logging_2.12-3.7.2.jar:/home/vlopez/.m2/repository/com/101tec/zkclient/0.10/zkclient-0.10.jar:/home/vlopez/.m2/repository/org/apache/zookeeper/zookeeper/3.4.10/zookeeper-3.4.10.jar:/home/vlopez/.m2/repository/org/apache/curator/curator-framework/4.0.0/curator-framework-4.0.0.jar:/home/vlopez/.m2/repository/org/apache/curator/curator-client/4.0.0/curator-client-4.0.0.jar:/home/vlopez/.m2/repository/org/apache/curator/curator-recipes/4.0.0/curator-recipes-4.0.0.jar:/home/vlopez/.m2/repository/jakarta/annotation/jakarta.annotation-api/1.3.4/jakarta.annotation-api-1.3.4.jar:/home/vlopez/.m2/repository/com/sun/xml/ws/jaxws-rt/2.3.2/jaxws-rt-2.3.2.jar:/home/vlopez/.m2/repository/org/glassfish/jaxb/jaxb-runtime/2.3.2/jaxb-runtime-2.3.2.jar:/home/vlopez/.m2/repository/org/glassfish/jaxb/txw2/2.3.2/txw2-2.3.2.jar:/home/vlopez/.m2/repository/com/sun/istack/istack-commons-runtime/3.0.8/istack-commons-runtime-3.0.8.jar:/home/vlopez/.m2/repository/com/sun/xml/ws/policy/2.7.6/policy-2.7.6.jar:/home/vlopez/.m2/repository/org/glassfish/gmbal/gmbal/4.0.0/gmbal-4.0.0.jar:/home/vlopez/.m2/repository/org/glassfish/external/management-api/3.2.1/management-api-3.2.1.jar:/home/vlopez/.m2/repository/org/glassfish/pfl/pfl-basic/4.0.1/pfl-basic-4.0.1.jar:/home/vlopez/.m2/repository/org/glassfish/pfl/pfl-tf/4.0.1/pfl-tf-4.0.1.jar:/home/vlopez/.m2/repository/org/glassfish/pfl/pfl-asm/4.0.1/pfl-asm-4.0.1.jar:/home/vlopez/.m2/repository/org/glassfish/pfl/pfl-dynamic/4.0.1/pfl-dynamic-4.0.1.jar:/home/vlopez/.m2/repository/org/glassfish/pfl/pfl-basic-tools/4.0.1/pfl-basic-tools-4.0.1.jar:/home/vlopez/.m2/repository/org/glassfish/pfl/pfl-tf-tools/4.0.1/pfl-tf-tools-4.0.1.jar:/home/vlopez/.m2/repository/org/jvnet/staxex/stax-ex/1.8.1/stax-ex-1.8.1.jar:/home/vlopez/.m2/repository/com/sun/xml/stream/buffer/streambuffer/1.5.7/streambuffer-1.5.7.jar:/home/vlopez/.m2/repository/org/jvnet/mimepull/mimepull/1.9.11/mimepull-1.9.11.jar:/home/vlopez/.m2/repository/com/sun/xml/fastinfoset/FastInfoset/1.2.16/FastInfoset-1.2.16.jar:/home/vlopez/.m2/repository/org/glassfish/ha/ha-api/3.1.12/ha-api-3.1.12.jar:/home/vlopez/.m2/repository/com/sun/xml/messaging/saaj/saaj-impl/1.5.1/saaj-impl-1.5.1.jar:/home/vlopez/.m2/repository/com/fasterxml/woodstox/woodstox-core/5.1.0/woodstox-core-5.1.0.jar:/home/vlopez/.m2/repository/org/codehaus/woodstox/stax2-api/4.1/stax2-api-4.1.jar:/home/vlopez/.m2/repository/jakarta/activation/jakarta.activation-api/1.2.1/jakarta.activation-api-1.2.1.jar:/home/vlopez/.m2/repository/com/sun/xml/ws/jaxws-tools/2.3.2/jaxws-tools-2.3.2.jar:/home/vlopez/.m2/repository/com/sun/xml/bind/jaxb-xjc/2.3.2/jaxb-xjc-2.3.2.jar:/home/vlopez/.m2/repository/com/sun/xml/bind/jaxb-jxc/2.3.2/jaxb-jxc-2.3.2.jar:/home/vlopez/.m2/repository/com/sun/xml/ws/jaxws-eclipselink-plugin/2.3.2/jaxws-eclipselink-plugin-2.3.2.jar:/home/vlopez/.m2/repository/jakarta/mail/jakarta.mail-api/1.6.3/jakarta.mail-api-1.6.3.jar:/home/vlopez/.m2/repository/jakarta/persistence/jakarta.persistence-api/2.2.2/jakarta.persistence-api-2.2.2.jar:/home/vlopez/.m2/repository/org/eclipse/persistence/org.eclipse.persistence.moxy/2.7.4/org.eclipse.persistence.moxy-2.7.4.jar:/home/vlopez/.m2/repository/org/eclipse/persistence/org.eclipse.persistence.core/2.7.4/org.eclipse.persistence.core-2.7.4.jar:/home/vlopez/.m2/repository/org/eclipse/persistence/org.eclipse.persistence.asm/2.7.4/org.eclipse.persistence.asm-2.7.4.jar:/home/vlopez/.m2/repository/com/sun/xml/ws/sdo-eclipselink-plugin/2.3.2/sdo-eclipselink-plugin-2.3.2.jar:/home/vlopez/.m2/repository/org/eclipse/persistence/org.eclipse.persistence.sdo/2.7.4/org.eclipse.persistence.sdo-2.7.4.jar:/home/vlopez/.m2/repository/org/eclipse/persistence/commonj.sdo/2.1.1/commonj.sdo-2.1.1.jar:/home/vlopez/.m2/repository/jakarta/xml/ws/jakarta.xml.ws-api/2.3.2/jakarta.xml.ws-api-2.3.2.jar:/home/vlopez/.m2/repository/jakarta/xml/bind/jakarta.xml.bind-api/2.3.2/jakarta.xml.bind-api-2.3.2.jar:/home/vlopez/.m2/repository/jakarta/xml/soap/jakarta.xml.soap-api/1.4.1/jakarta.xml.soap-api-1.4.1.jar:/home/vlopez/.m2/repository/jakarta/jws/jakarta.jws-api/1.1.1/jakarta.jws-api-1.1.1.jar:/home/vlopez/.m2/repository/mysql/mysql-connector-java/8.0.20/mysql-connector-java-8.0.20.jar:/home/vlopez/.m2/repository/com/google/protobuf/protobuf-java/3.6.1/protobuf-java-3.6.1.jar:/home/vlopez/.m2/repository/org/postgresql/postgresql/42.2.12/postgresql-42.2.12.jar:/home/vlopez/.m2/repository/io/rest-assured/rest-assured/4.3.0/rest-assured-4.3.0.jar:/home/vlopez/.m2/repository/org/codehaus/groovy/groovy/3.0.2/groovy-3.0.2.jar:/home/vlopez/.m2/repository/org/codehaus/groovy/groovy-xml/3.0.2/groovy-xml-3.0.2.jar:/home/vlopez/.m2/repository/org/apache/httpcomponents/httpmime/4.5.3/httpmime-4.5.3.jar:/home/vlopez/.m2/repository/org/hamcrest/hamcrest/2.1/hamcrest-2.1.jar:/home/vlopez/.m2/repository/org/ccil/cowan/tagsoup/tagsoup/1.2.1/tagsoup-1.2.1.jar:/home/vlopez/.m2/repository/io/rest-assured/json-path/4.3.0/json-path-4.3.0.jar:/home/vlopez/.m2/repository/io/rest-assured/rest-assured-common/4.3.0/rest-assured-common-4.3.0.jar:/home/vlopez/.m2/repository/io/rest-assured/xml-path/4.3.0/xml-path-4.3.0.jar:/home/vlopez/.m2/repository/com/sun/xml/bind/jaxb-osgi/2.3.0.1/jaxb-osgi-2.3.0.1.jar:/home/vlopez/.m2/repository/org/apache/sling/org.apache.sling.javax.activation/0.1.0/org.apache.sling.javax.activation-0.1.0.jar:/home/vlopez/.m2/repository/javax/activation/activation/1.1.1/activation-1.1.1.jar:/home/vlopez/.m2/repository/io/rest-assured/json-schema-validator/4.3.0/json-schema-validator-4.3.0.jar:/home/vlopez/.m2/repository/com/github/java-json-tools/json-schema-validator/2.2.10/json-schema-validator-2.2.10.jar:/home/vlopez/.m2/repository/com/github/java-json-tools/json-schema-core/1.2.10/json-schema-core-1.2.10.jar:/home/vlopez/.m2/repository/com/github/java-json-tools/jackson-coreutils/1.9/jackson-coreutils-1.9.jar:/home/vlopez/.m2/repository/com/github/fge/msg-simple/1.1/msg-simple-1.1.jar:/home/vlopez/.m2/repository/com/github/fge/btf/1.2/btf-1.2.jar:/home/vlopez/.m2/repository/com/github/fge/uri-template/0.9/uri-template-0.9.jar:/home/vlopez/.m2/repository/org/mozilla/rhino/1.7.7.1/rhino-1.7.7.1.jar:/home/vlopez/.m2/repository/javax/mail/mailapi/1.4.3/mailapi-1.4.3.jar:/home/vlopez/.m2/repository/com/googlecode/libphonenumber/libphonenumber/8.0.0/libphonenumber-8.0.0.jar:/home/vlopez/.m2/repository/com/sonalake/utah-parser/1.0.1/utah-parser-1.0.1.jar:/home/vlopez/.m2/repository/org/apache/commons/commons-csv/1.4/commons-csv-1.4.jar:/home/vlopez/.m2/repository/com/google/code/gson/gson/2.7/gson-2.7.jar:/home/vlopez/.m2/repository/org/seleniumhq/selenium/selenium-api/3.141.59/selenium-api-3.141.59.jar:/home/vlopez/.m2/repository/commons-io/commons-io/2.6/commons-io-2.6.jar:/home/vlopez/.m2/repository/commons-collections/commons-collections/3.2.2/commons-collections-3.2.2.jar:/home/vlopez/.m2/repository/ru/yandex/qatools/ashot/ashot/1.5.4/ashot-1.5.4.jar:/home/vlopez/.m2/repository/org/hamcrest/hamcrest-core/1.3/hamcrest-core-1.3.jar:/home/vlopez/.m2/repository/com/predic8/soa-model-core/1.6.0/soa-model-core-1.6.0.jar:/home/vlopez/.m2/repository/org/codehaus/groovy/groovy-json/2.4.7/groovy-json-2.4.7.jar:/home/vlopez/.m2/repository/org/slf4j/jcl-over-slf4j/1.7.21/jcl-over-slf4j-1.7.21.jar:/home/vlopez/.m2/repository/org/apache/commons/commons-configuration2/2.3/commons-configuration2-2.3.jar:/home/vlopez/.m2/repository/commons-beanutils/commons-beanutils/1.9.3/commons-beanutils-1.9.3.jar:/home/vlopez/.m2/repository/net/bytebuddy/byte-buddy/1.9.16/byte-buddy-1.9.16.jar:/home/vlopez/.m2/repository/io/github/bonigarcia/webdrivermanager/4.3.1/webdrivermanager-4.3.1.jar:/home/vlopez/.m2/repository/org/apache/httpcomponents/client5/httpclient5/5.0.3/httpclient5-5.0.3.jar:/home/vlopez/.m2/repository/org/apache/httpcomponents/core5/httpcore5/5.0.2/httpcore5-5.0.2.jar:/home/vlopez/.m2/repository/org/apache/httpcomponents/core5/httpcore5-h2/5.0.2/httpcore5-h2-5.0.2.jar:/home/vlopez/.m2/repository/org/rauschig/jarchivelib/1.1.0/jarchivelib-1.1.0.jar:/home/vlopez/.m2/repository/io/appium/java-client/7.3.0/java-client-7.3.0.jar:/home/vlopez/.m2/repository/cglib/cglib/3.2.12/cglib-3.2.12.jar:/home/vlopez/.m2/repository/commons-validator/commons-validator/1.6/commons-validator-1.6.jar:/home/vlopez/.m2/repository/commons-digester/commons-digester/1.8.1/commons-digester-1.8.1.jar:/home/vlopez/.m2/repository/org/springframework/spring-context/5.1.8.RELEASE/spring-context-5.1.8.RELEASE.jar:/home/vlopez/.m2/repository/org/springframework/spring-aop/5.1.8.RELEASE/spring-aop-5.1.8.RELEASE.jar:/home/vlopez/.m2/repository/org/springframework/spring-beans/5.1.8.RELEASE/spring-beans-5.1.8.RELEASE.jar:/home/vlopez/.m2/repository/org/springframework/spring-core/5.1.8.RELEASE/spring-core-5.1.8.RELEASE.jar:/home/vlopez/.m2/repository/org/springframework/spring-jcl/5.1.8.RELEASE/spring-jcl-5.1.8.RELEASE.jar:/home/vlopez/.m2/repository/org/springframework/spring-expression/5.1.8.RELEASE/spring-expression-5.1.8.RELEASE.jar:/home/vlopez/.m2/repository/org/apache/commons/commons-text/1.9/commons-text-1.9.jar:/home/vlopez/.m2/repository/org/apache/commons/commons-lang3/3.11/commons-lang3-3.11.jar:/home/vlopez/.m2/repository/org/apache/logging/log4j/log4j-slf4j-impl/2.13.2/log4j-slf4j-impl-2.13.2.jar:/home/vlopez/.m2/repository/org/apache/logging/log4j/log4j-core/2.13.2/log4j-core-2.13.2.jar:/home/vlopez/.m2/repository/org/apache/logging/log4j/log4j-1.2-api/2.13.2/log4j-1.2-api-2.13.2.jar:"/>
    <property name="java.vm.vendor" value="Ubuntu"/>
    <property name="sun.arch.data.model" value="64"/>
    <property name="java.vendor.url" value="https://ubuntu.com/"/>
    <property name="user.timezone" value=""/>
    <property name="java.vm.specification.version" value="11"/>
    <property name="os.name" value="Linux"/>
    <property name="sun.java.launcher" value="SUN_STANDARD"/>
    <property name="user.country" value="ES"/>
    <property name="sun.boot.library.path" value="/usr/lib/jvm/java-11-openjdk-amd64/lib"/>
    <property name="sun.java.command" value="/home/vlopez/Escritorio/victoria_lopez_adidas/adidas/target/surefire/surefirebooter3687434683076995081.jar /home/vlopez/Escritorio/victoria_lopez_adidas/adidas/target/surefire 2022-01-02T21-00-13_469-jvmRun1 surefire5981531352803986225tmp surefire_014983158915686124984tmp"/>
    <property name="jdk.debug" value="release"/>
    <property name="surefire.test.class.path" value="/home/vlopez/Escritorio/victoria_lopez_adidas/adidas/target/test-classes:/home/vlopez/Escritorio/victoria_lopez_adidas/adidas/target/adidas-1.0.jar:/home/vlopez/.m2/repository/com/github/privaliatech/gingerspec/2.2.7/gingerspec-2.2.7.jar:/home/vlopez/.m2/repository/org/assertj/assertj-core/3.16.0/assertj-core-3.16.0.jar:/home/vlopez/.m2/repository/org/slf4j/slf4j-api/1.7.30/slf4j-api-1.7.30.jar:/home/vlopez/.m2/repository/org/reflections/reflections/0.9.9-RC1/reflections-0.9.9-RC1.jar:/home/vlopez/.m2/repository/org/javassist/javassist/3.16.1-GA/javassist-3.16.1-GA.jar:/home/vlopez/.m2/repository/dom4j/dom4j/1.6.1/dom4j-1.6.1.jar:/home/vlopez/.m2/repository/org/jacoco/org.jacoco.core/0.7.5.201505241946/org.jacoco.core-0.7.5.201505241946.jar:/home/vlopez/.m2/repository/org/ow2/asm/asm-debug-all/5.0.1/asm-debug-all-5.0.1.jar:/home/vlopez/.m2/repository/org/aspectj/aspectjweaver/1.9.5/aspectjweaver-1.9.5.jar:/home/vlopez/.m2/repository/com/datastax/cassandra/cassandra-driver-core/3.2.0/cassandra-driver-core-3.2.0.jar:/home/vlopez/.m2/repository/io/netty/netty-handler/4.0.44.Final/netty-handler-4.0.44.Final.jar:/home/vlopez/.m2/repository/io/netty/netty-buffer/4.0.44.Final/netty-buffer-4.0.44.Final.jar:/home/vlopez/.m2/repository/io/netty/netty-common/4.0.44.Final/netty-common-4.0.44.Final.jar:/home/vlopez/.m2/repository/io/netty/netty-transport/4.0.44.Final/netty-transport-4.0.44.Final.jar:/home/vlopez/.m2/repository/io/netty/netty-codec/4.0.44.Final/netty-codec-4.0.44.Final.jar:/home/vlopez/.m2/repository/io/dropwizard/metrics/metrics-core/3.1.2/metrics-core-3.1.2.jar:/home/vlopez/.m2/repository/com/github/jnr/jnr-ffi/2.0.7/jnr-ffi-2.0.7.jar:/home/vlopez/.m2/repository/com/github/jnr/jffi/1.2.10/jffi-1.2.10.jar:/home/vlopez/.m2/repository/com/github/jnr/jffi/1.2.10/jffi-1.2.10-native.jar:/home/vlopez/.m2/repository/org/ow2/asm/asm/5.0.3/asm-5.0.3.jar:/home/vlopez/.m2/repository/org/ow2/asm/asm-commons/5.0.3/asm-commons-5.0.3.jar:/home/vlopez/.m2/repository/org/ow2/asm/asm-analysis/5.0.3/asm-analysis-5.0.3.jar:/home/vlopez/.m2/repository/org/ow2/asm/asm-tree/5.0.3/asm-tree-5.0.3.jar:/home/vlopez/.m2/repository/org/ow2/asm/asm-util/5.0.3/asm-util-5.0.3.jar:/home/vlopez/.m2/repository/com/github/jnr/jnr-x86asm/1.0.2/jnr-x86asm-1.0.2.jar:/home/vlopez/.m2/repository/com/github/jnr/jnr-posix/3.0.27/jnr-posix-3.0.27.jar:/home/vlopez/.m2/repository/com/github/jnr/jnr-constants/0.9.0/jnr-constants-0.9.0.jar:/home/vlopez/.m2/repository/com/google/guava/guava/23.0/guava-23.0.jar:/home/vlopez/.m2/repository/com/google/code/findbugs/jsr305/1.3.9/jsr305-1.3.9.jar:/home/vlopez/.m2/repository/com/google/errorprone/error_prone_annotations/2.0.18/error_prone_annotations-2.0.18.jar:/home/vlopez/.m2/repository/com/google/j2objc/j2objc-annotations/1.1/j2objc-annotations-1.1.jar:/home/vlopez/.m2/repository/org/codehaus/mojo/animal-sniffer-annotations/1.14/animal-sniffer-annotations-1.14.jar:/home/vlopez/.m2/repository/org/apache/httpcomponents/httpclient/4.5.1/httpclient-4.5.1.jar:/home/vlopez/.m2/repository/org/apache/httpcomponents/httpcore/4.4.3/httpcore-4.4.3.jar:/home/vlopez/.m2/repository/commons-logging/commons-logging/1.2/commons-logging-1.2.jar:/home/vlopez/.m2/repository/commons-codec/commons-codec/1.9/commons-codec-1.9.jar:/home/vlopez/.m2/repository/org/mongodb/mongo-java-driver/2.12.3/mongo-java-driver-2.12.3.jar:/home/vlopez/.m2/repository/org/seleniumhq/selenium/selenium-java/3.141.59/selenium-java-3.141.59.jar:/home/vlopez/.m2/repository/org/seleniumhq/selenium/selenium-chrome-driver/3.141.59/selenium-chrome-driver-3.141.59.jar:/home/vlopez/.m2/repository/org/seleniumhq/selenium/selenium-edge-driver/3.141.59/selenium-edge-driver-3.141.59.jar:/home/vlopez/.m2/repository/org/seleniumhq/selenium/selenium-firefox-driver/3.141.59/selenium-firefox-driver-3.141.59.jar:/home/vlopez/.m2/repository/org/seleniumhq/selenium/selenium-ie-driver/3.141.59/selenium-ie-driver-3.141.59.jar:/home/vlopez/.m2/repository/org/seleniumhq/selenium/selenium-opera-driver/3.141.59/selenium-opera-driver-3.141.59.jar:/home/vlopez/.m2/repository/org/seleniumhq/selenium/selenium-remote-driver/3.141.59/selenium-remote-driver-3.141.59.jar:/home/vlopez/.m2/repository/org/seleniumhq/selenium/selenium-safari-driver/3.141.59/selenium-safari-driver-3.141.59.jar:/home/vlopez/.m2/repository/org/seleniumhq/selenium/selenium-support/3.141.59/selenium-support-3.141.59.jar:/home/vlopez/.m2/repository/org/apache/commons/commons-exec/1.3/commons-exec-1.3.jar:/home/vlopez/.m2/repository/com/squareup/okhttp3/okhttp/3.11.0/okhttp-3.11.0.jar:/home/vlopez/.m2/repository/com/squareup/okio/okio/1.14.0/okio-1.14.0.jar:/home/vlopez/.m2/repository/org/jsoup/jsoup/1.7.3/jsoup-1.7.3.jar:/home/vlopez/.m2/repository/org/apache/logging/log4j/log4j-api/2.14.1/log4j-api-2.14.1.jar:/home/vlopez/.m2/repository/com/ning/async-http-client/1.9.40/async-http-client-1.9.40.jar:/home/vlopez/.m2/repository/io/netty/netty/3.10.6.Final/netty-3.10.6.Final.jar:/home/vlopez/.m2/repository/org/json/json/20140107/json-20140107.jar:/home/vlopez/.m2/repository/org/hjson/hjson/1.1.4/hjson-1.1.4.jar:/home/vlopez/.m2/repository/com/jayway/jsonpath/json-path/2.4.0/json-path-2.4.0.jar:/home/vlopez/.m2/repository/net/minidev/json-smart/2.3/json-smart-2.3.jar:/home/vlopez/.m2/repository/net/minidev/accessors-smart/1.2/accessors-smart-1.2.jar:/home/vlopez/.m2/repository/io/cucumber/cucumber-java/6.9.0/cucumber-java-6.9.0.jar:/home/vlopez/.m2/repository/io/cucumber/cucumber-core/6.9.0/cucumber-core-6.9.0.jar:/home/vlopez/.m2/repository/io/cucumber/cucumber-gherkin/6.9.0/cucumber-gherkin-6.9.0.jar:/home/vlopez/.m2/repository/io/cucumber/cucumber-gherkin-messages/6.9.0/cucumber-gherkin-messages-6.9.0.jar:/home/vlopez/.m2/repository/io/cucumber/messages/13.2.0/messages-13.2.0.jar:/home/vlopez/.m2/repository/io/cucumber/tag-expressions/3.0.0/tag-expressions-3.0.0.jar:/home/vlopez/.m2/repository/io/cucumber/cucumber-expressions/10.3.0/cucumber-expressions-10.3.0.jar:/home/vlopez/.m2/repository/io/cucumber/datatable/3.5.0/datatable-3.5.0.jar:/home/vlopez/.m2/repository/io/cucumber/cucumber-plugin/6.9.0/cucumber-plugin-6.9.0.jar:/home/vlopez/.m2/repository/io/cucumber/docstring/6.9.0/docstring-6.9.0.jar:/home/vlopez/.m2/repository/io/cucumber/html-formatter/9.0.0/html-formatter-9.0.0.jar:/home/vlopez/.m2/repository/io/cucumber/create-meta/2.0.4/create-meta-2.0.4.jar:/home/vlopez/.m2/repository/org/apiguardian/apiguardian-api/1.1.0/apiguardian-api-1.1.0.jar:/home/vlopez/.m2/repository/io/cucumber/cucumber-picocontainer/6.9.0/cucumber-picocontainer-6.9.0.jar:/home/vlopez/.m2/repository/org/picocontainer/picocontainer/2.15/picocontainer-2.15.jar:/home/vlopez/.m2/repository/io/cucumber/cucumber-testng/6.9.0/cucumber-testng-6.9.0.jar:/home/vlopez/.m2/repository/org/testng/testng/7.3.0/testng-7.3.0.jar:/home/vlopez/.m2/repository/com/beust/jcommander/1.78/jcommander-1.78.jar:/home/vlopez/.m2/repository/org/apache/ant/ant/1.10.3/ant-1.10.3.jar:/home/vlopez/.m2/repository/org/apache/ant/ant-launcher/1.10.3/ant-launcher-1.10.3.jar:/home/vlopez/.m2/repository/junit/junit/4.12/junit-4.12.jar:/home/vlopez/.m2/repository/com/google/inject/guice/4.2.2/guice-4.2.2-no_aop.jar:/home/vlopez/.m2/repository/javax/inject/javax.inject/1/javax.inject-1.jar:/home/vlopez/.m2/repository/aopalliance/aopalliance/1.0/aopalliance-1.0.jar:/home/vlopez/.m2/repository/org/yaml/snakeyaml/1.21/snakeyaml-1.21.jar:/home/vlopez/.m2/repository/com/jcraft/jsch/0.1.53/jsch-0.1.53.jar:/home/vlopez/.m2/repository/net/sourceforge/javacsv/javacsv/2.0/javacsv-2.0.jar:/home/vlopez/.m2/repository/org/elasticsearch/elasticsearch/2.2.0/elasticsearch-2.2.0.jar:/home/vlopez/.m2/repository/org/apache/lucene/lucene-core/5.4.1/lucene-core-5.4.1.jar:/home/vlopez/.m2/repository/org/apache/lucene/lucene-backward-codecs/5.4.1/lucene-backward-codecs-5.4.1.jar:/home/vlopez/.m2/repository/org/apache/lucene/lucene-analyzers-common/5.4.1/lucene-analyzers-common-5.4.1.jar:/home/vlopez/.m2/repository/org/apache/lucene/lucene-queries/5.4.1/lucene-queries-5.4.1.jar:/home/vlopez/.m2/repository/org/apache/lucene/lucene-memory/5.4.1/lucene-memory-5.4.1.jar:/home/vlopez/.m2/repository/org/apache/lucene/lucene-highlighter/5.4.1/lucene-highlighter-5.4.1.jar:/home/vlopez/.m2/repository/org/apache/lucene/lucene-queryparser/5.4.1/lucene-queryparser-5.4.1.jar:/home/vlopez/.m2/repository/org/apache/lucene/lucene-sandbox/5.4.1/lucene-sandbox-5.4.1.jar:/home/vlopez/.m2/repository/org/apache/lucene/lucene-suggest/5.4.1/lucene-suggest-5.4.1.jar:/home/vlopez/.m2/repository/org/apache/lucene/lucene-misc/5.4.1/lucene-misc-5.4.1.jar:/home/vlopez/.m2/repository/org/apache/lucene/lucene-join/5.4.1/lucene-join-5.4.1.jar:/home/vlopez/.m2/repository/org/apache/lucene/lucene-grouping/5.4.1/lucene-grouping-5.4.1.jar:/home/vlopez/.m2/repository/org/apache/lucene/lucene-spatial/5.4.1/lucene-spatial-5.4.1.jar:/home/vlopez/.m2/repository/org/apache/lucene/lucene-spatial3d/5.4.1/lucene-spatial3d-5.4.1.jar:/home/vlopez/.m2/repository/com/spatial4j/spatial4j/0.5/spatial4j-0.5.jar:/home/vlopez/.m2/repository/org/elasticsearch/securesm/1.0/securesm-1.0.jar:/home/vlopez/.m2/repository/com/carrotsearch/hppc/0.7.1/hppc-0.7.1.jar:/home/vlopez/.m2/repository/joda-time/joda-time/2.8.2/joda-time-2.8.2.jar:/home/vlopez/.m2/repository/org/joda/joda-convert/1.2/joda-convert-1.2.jar:/home/vlopez/.m2/repository/com/fasterxml/jackson/dataformat/jackson-dataformat-smile/2.6.2/jackson-dataformat-smile-2.6.2.jar:/home/vlopez/.m2/repository/com/fasterxml/jackson/dataformat/jackson-dataformat-yaml/2.6.2/jackson-dataformat-yaml-2.6.2.jar:/home/vlopez/.m2/repository/com/fasterxml/jackson/dataformat/jackson-dataformat-cbor/2.6.2/jackson-dataformat-cbor-2.6.2.jar:/home/vlopez/.m2/repository/com/ning/compress-lzf/1.0.2/compress-lzf-1.0.2.jar:/home/vlopez/.m2/repository/com/tdunning/t-digest/3.0/t-digest-3.0.jar:/home/vlopez/.m2/repository/org/hdrhistogram/HdrHistogram/2.1.6/HdrHistogram-2.1.6.jar:/home/vlopez/.m2/repository/commons-cli/commons-cli/1.3.1/commons-cli-1.3.1.jar:/home/vlopez/.m2/repository/com/twitter/jsr166e/1.1.0/jsr166e-1.1.0.jar:/home/vlopez/.m2/repository/com/fasterxml/jackson/core/jackson-core/2.11.0/jackson-core-2.11.0.jar:/home/vlopez/.m2/repository/com/fasterxml/jackson/core/jackson-databind/2.10.3/jackson-databind-2.10.3.jar:/home/vlopez/.m2/repository/com/fasterxml/jackson/core/jackson-annotations/2.10.3/jackson-annotations-2.10.3.jar:/home/vlopez/.m2/repository/org/apache/kafka/kafka-clients/1.1.0/kafka-clients-1.1.0.jar:/home/vlopez/.m2/repository/org/lz4/lz4-java/1.4/lz4-java-1.4.jar:/home/vlopez/.m2/repository/org/xerial/snappy/snappy-java/1.1.7.1/snappy-java-1.1.7.1.jar:/home/vlopez/.m2/repository/io/confluent/kafka-avro-serializer/3.1.1/kafka-avro-serializer-3.1.1.jar:/home/vlopez/.m2/repository/io/confluent/kafka-schema-registry-client/3.1.1/kafka-schema-registry-client-3.1.1.jar:/home/vlopez/.m2/repository/io/confluent/common-config/3.1.1/common-config-3.1.1.jar:/home/vlopez/.m2/repository/io/confluent/common-utils/3.1.1/common-utils-3.1.1.jar:/home/vlopez/.m2/repository/org/apache/avro/avro/1.8.0/avro-1.8.0.jar:/home/vlopez/.m2/repository/org/codehaus/jackson/jackson-core-asl/1.9.13/jackson-core-asl-1.9.13.jar:/home/vlopez/.m2/repository/org/codehaus/jackson/jackson-mapper-asl/1.9.13/jackson-mapper-asl-1.9.13.jar:/home/vlopez/.m2/repository/com/thoughtworks/paranamer/paranamer/2.7/paranamer-2.7.jar:/home/vlopez/.m2/repository/org/apache/commons/commons-compress/1.8.1/commons-compress-1.8.1.jar:/home/vlopez/.m2/repository/org/tukaani/xz/1.5/xz-1.5.jar:/home/vlopez/.m2/repository/org/apache/kafka/kafka_2.12/1.1.0/kafka_2.12-1.1.0.jar:/home/vlopez/.m2/repository/net/sf/jopt-simple/jopt-simple/5.0.4/jopt-simple-5.0.4.jar:/home/vlopez/.m2/repository/com/yammer/metrics/metrics-core/2.2.0/metrics-core-2.2.0.jar:/home/vlopez/.m2/repository/org/scala-lang/scala-library/2.12.4/scala-library-2.12.4.jar:/home/vlopez/.m2/repository/org/scala-lang/scala-reflect/2.12.4/scala-reflect-2.12.4.jar:/home/vlopez/.m2/repository/com/typesafe/scala-logging/scala-logging_2.12/3.7.2/scala-logging_2.12-3.7.2.jar:/home/vlopez/.m2/repository/com/101tec/zkclient/0.10/zkclient-0.10.jar:/home/vlopez/.m2/repository/org/apache/zookeeper/zookeeper/3.4.10/zookeeper-3.4.10.jar:/home/vlopez/.m2/repository/org/apache/curator/curator-framework/4.0.0/curator-framework-4.0.0.jar:/home/vlopez/.m2/repository/org/apache/curator/curator-client/4.0.0/curator-client-4.0.0.jar:/home/vlopez/.m2/repository/org/apache/curator/curator-recipes/4.0.0/curator-recipes-4.0.0.jar:/home/vlopez/.m2/repository/jakarta/annotation/jakarta.annotation-api/1.3.4/jakarta.annotation-api-1.3.4.jar:/home/vlopez/.m2/repository/com/sun/xml/ws/jaxws-rt/2.3.2/jaxws-rt-2.3.2.jar:/home/vlopez/.m2/repository/org/glassfish/jaxb/jaxb-runtime/2.3.2/jaxb-runtime-2.3.2.jar:/home/vlopez/.m2/repository/org/glassfish/jaxb/txw2/2.3.2/txw2-2.3.2.jar:/home/vlopez/.m2/repository/com/sun/istack/istack-commons-runtime/3.0.8/istack-commons-runtime-3.0.8.jar:/home/vlopez/.m2/repository/com/sun/xml/ws/policy/2.7.6/policy-2.7.6.jar:/home/vlopez/.m2/repository/org/glassfish/gmbal/gmbal/4.0.0/gmbal-4.0.0.jar:/home/vlopez/.m2/repository/org/glassfish/external/management-api/3.2.1/management-api-3.2.1.jar:/home/vlopez/.m2/repository/org/glassfish/pfl/pfl-basic/4.0.1/pfl-basic-4.0.1.jar:/home/vlopez/.m2/repository/org/glassfish/pfl/pfl-tf/4.0.1/pfl-tf-4.0.1.jar:/home/vlopez/.m2/repository/org/glassfish/pfl/pfl-asm/4.0.1/pfl-asm-4.0.1.jar:/home/vlopez/.m2/repository/org/glassfish/pfl/pfl-dynamic/4.0.1/pfl-dynamic-4.0.1.jar:/home/vlopez/.m2/repository/org/glassfish/pfl/pfl-basic-tools/4.0.1/pfl-basic-tools-4.0.1.jar:/home/vlopez/.m2/repository/org/glassfish/pfl/pfl-tf-tools/4.0.1/pfl-tf-tools-4.0.1.jar:/home/vlopez/.m2/repository/org/jvnet/staxex/stax-ex/1.8.1/stax-ex-1.8.1.jar:/home/vlopez/.m2/repository/com/sun/xml/stream/buffer/streambuffer/1.5.7/streambuffer-1.5.7.jar:/home/vlopez/.m2/repository/org/jvnet/mimepull/mimepull/1.9.11/mimepull-1.9.11.jar:/home/vlopez/.m2/repository/com/sun/xml/fastinfoset/FastInfoset/1.2.16/FastInfoset-1.2.16.jar:/home/vlopez/.m2/repository/org/glassfish/ha/ha-api/3.1.12/ha-api-3.1.12.jar:/home/vlopez/.m2/repository/com/sun/xml/messaging/saaj/saaj-impl/1.5.1/saaj-impl-1.5.1.jar:/home/vlopez/.m2/repository/com/fasterxml/woodstox/woodstox-core/5.1.0/woodstox-core-5.1.0.jar:/home/vlopez/.m2/repository/org/codehaus/woodstox/stax2-api/4.1/stax2-api-4.1.jar:/home/vlopez/.m2/repository/jakarta/activation/jakarta.activation-api/1.2.1/jakarta.activation-api-1.2.1.jar:/home/vlopez/.m2/repository/com/sun/xml/ws/jaxws-tools/2.3.2/jaxws-tools-2.3.2.jar:/home/vlopez/.m2/repository/com/sun/xml/bind/jaxb-xjc/2.3.2/jaxb-xjc-2.3.2.jar:/home/vlopez/.m2/repository/com/sun/xml/bind/jaxb-jxc/2.3.2/jaxb-jxc-2.3.2.jar:/home/vlopez/.m2/repository/com/sun/xml/ws/jaxws-eclipselink-plugin/2.3.2/jaxws-eclipselink-plugin-2.3.2.jar:/home/vlopez/.m2/repository/jakarta/mail/jakarta.mail-api/1.6.3/jakarta.mail-api-1.6.3.jar:/home/vlopez/.m2/repository/jakarta/persistence/jakarta.persistence-api/2.2.2/jakarta.persistence-api-2.2.2.jar:/home/vlopez/.m2/repository/org/eclipse/persistence/org.eclipse.persistence.moxy/2.7.4/org.eclipse.persistence.moxy-2.7.4.jar:/home/vlopez/.m2/repository/org/eclipse/persistence/org.eclipse.persistence.core/2.7.4/org.eclipse.persistence.core-2.7.4.jar:/home/vlopez/.m2/repository/org/eclipse/persistence/org.eclipse.persistence.asm/2.7.4/org.eclipse.persistence.asm-2.7.4.jar:/home/vlopez/.m2/repository/com/sun/xml/ws/sdo-eclipselink-plugin/2.3.2/sdo-eclipselink-plugin-2.3.2.jar:/home/vlopez/.m2/repository/org/eclipse/persistence/org.eclipse.persistence.sdo/2.7.4/org.eclipse.persistence.sdo-2.7.4.jar:/home/vlopez/.m2/repository/org/eclipse/persistence/commonj.sdo/2.1.1/commonj.sdo-2.1.1.jar:/home/vlopez/.m2/repository/jakarta/xml/ws/jakarta.xml.ws-api/2.3.2/jakarta.xml.ws-api-2.3.2.jar:/home/vlopez/.m2/repository/jakarta/xml/bind/jakarta.xml.bind-api/2.3.2/jakarta.xml.bind-api-2.3.2.jar:/home/vlopez/.m2/repository/jakarta/xml/soap/jakarta.xml.soap-api/1.4.1/jakarta.xml.soap-api-1.4.1.jar:/home/vlopez/.m2/repository/jakarta/jws/jakarta.jws-api/1.1.1/jakarta.jws-api-1.1.1.jar:/home/vlopez/.m2/repository/mysql/mysql-connector-java/8.0.20/mysql-connector-java-8.0.20.jar:/home/vlopez/.m2/repository/com/google/protobuf/protobuf-java/3.6.1/protobuf-java-3.6.1.jar:/home/vlopez/.m2/repository/org/postgresql/postgresql/42.2.12/postgresql-42.2.12.jar:/home/vlopez/.m2/repository/io/rest-assured/rest-assured/4.3.0/rest-assured-4.3.0.jar:/home/vlopez/.m2/repository/org/codehaus/groovy/groovy/3.0.2/groovy-3.0.2.jar:/home/vlopez/.m2/repository/org/codehaus/groovy/groovy-xml/3.0.2/groovy-xml-3.0.2.jar:/home/vlopez/.m2/repository/org/apache/httpcomponents/httpmime/4.5.3/httpmime-4.5.3.jar:/home/vlopez/.m2/repository/org/hamcrest/hamcrest/2.1/hamcrest-2.1.jar:/home/vlopez/.m2/repository/org/ccil/cowan/tagsoup/tagsoup/1.2.1/tagsoup-1.2.1.jar:/home/vlopez/.m2/repository/io/rest-assured/json-path/4.3.0/json-path-4.3.0.jar:/home/vlopez/.m2/repository/io/rest-assured/rest-assured-common/4.3.0/rest-assured-common-4.3.0.jar:/home/vlopez/.m2/repository/io/rest-assured/xml-path/4.3.0/xml-path-4.3.0.jar:/home/vlopez/.m2/repository/com/sun/xml/bind/jaxb-osgi/2.3.0.1/jaxb-osgi-2.3.0.1.jar:/home/vlopez/.m2/repository/org/apache/sling/org.apache.sling.javax.activation/0.1.0/org.apache.sling.javax.activation-0.1.0.jar:/home/vlopez/.m2/repository/javax/activation/activation/1.1.1/activation-1.1.1.jar:/home/vlopez/.m2/repository/io/rest-assured/json-schema-validator/4.3.0/json-schema-validator-4.3.0.jar:/home/vlopez/.m2/repository/com/github/java-json-tools/json-schema-validator/2.2.10/json-schema-validator-2.2.10.jar:/home/vlopez/.m2/repository/com/github/java-json-tools/json-schema-core/1.2.10/json-schema-core-1.2.10.jar:/home/vlopez/.m2/repository/com/github/java-json-tools/jackson-coreutils/1.9/jackson-coreutils-1.9.jar:/home/vlopez/.m2/repository/com/github/fge/msg-simple/1.1/msg-simple-1.1.jar:/home/vlopez/.m2/repository/com/github/fge/btf/1.2/btf-1.2.jar:/home/vlopez/.m2/repository/com/github/fge/uri-template/0.9/uri-template-0.9.jar:/home/vlopez/.m2/repository/org/mozilla/rhino/1.7.7.1/rhino-1.7.7.1.jar:/home/vlopez/.m2/repository/javax/mail/mailapi/1.4.3/mailapi-1.4.3.jar:/home/vlopez/.m2/repository/com/googlecode/libphonenumber/libphonenumber/8.0.0/libphonenumber-8.0.0.jar:/home/vlopez/.m2/repository/com/sonalake/utah-parser/1.0.1/utah-parser-1.0.1.jar:/home/vlopez/.m2/repository/org/apache/commons/commons-csv/1.4/commons-csv-1.4.jar:/home/vlopez/.m2/repository/com/google/code/gson/gson/2.7/gson-2.7.jar:/home/vlopez/.m2/repository/org/seleniumhq/selenium/selenium-api/3.141.59/selenium-api-3.141.59.jar:/home/vlopez/.m2/repository/commons-io/commons-io/2.6/commons-io-2.6.jar:/home/vlopez/.m2/repository/commons-collections/commons-collections/3.2.2/commons-collections-3.2.2.jar:/home/vlopez/.m2/repository/ru/yandex/qatools/ashot/ashot/1.5.4/ashot-1.5.4.jar:/home/vlopez/.m2/repository/org/hamcrest/hamcrest-core/1.3/hamcrest-core-1.3.jar:/home/vlopez/.m2/repository/com/predic8/soa-model-core/1.6.0/soa-model-core-1.6.0.jar:/home/vlopez/.m2/repository/org/codehaus/groovy/groovy-json/2.4.7/groovy-json-2.4.7.jar:/home/vlopez/.m2/repository/org/slf4j/jcl-over-slf4j/1.7.21/jcl-over-slf4j-1.7.21.jar:/home/vlopez/.m2/repository/org/apache/commons/commons-configuration2/2.3/commons-configuration2-2.3.jar:/home/vlopez/.m2/repository/commons-beanutils/commons-beanutils/1.9.3/commons-beanutils-1.9.3.jar:/home/vlopez/.m2/repository/net/bytebuddy/byte-buddy/1.9.16/byte-buddy-1.9.16.jar:/home/vlopez/.m2/repository/io/github/bonigarcia/webdrivermanager/4.3.1/webdrivermanager-4.3.1.jar:/home/vlopez/.m2/repository/org/apache/httpcomponents/client5/httpclient5/5.0.3/httpclient5-5.0.3.jar:/home/vlopez/.m2/repository/org/apache/httpcomponents/core5/httpcore5/5.0.2/httpcore5-5.0.2.jar:/home/vlopez/.m2/repository/org/apache/httpcomponents/core5/httpcore5-h2/5.0.2/httpcore5-h2-5.0.2.jar:/home/vlopez/.m2/repository/org/rauschig/jarchivelib/1.1.0/jarchivelib-1.1.0.jar:/home/vlopez/.m2/repository/io/appium/java-client/7.3.0/java-client-7.3.0.jar:/home/vlopez/.m2/repository/cglib/cglib/3.2.12/cglib-3.2.12.jar:/home/vlopez/.m2/repository/commons-validator/commons-validator/1.6/commons-validator-1.6.jar:/home/vlopez/.m2/repository/commons-digester/commons-digester/1.8.1/commons-digester-1.8.1.jar:/home/vlopez/.m2/repository/org/springframework/spring-context/5.1.8.RELEASE/spring-context-5.1.8.RELEASE.jar:/home/vlopez/.m2/repository/org/springframework/spring-aop/5.1.8.RELEASE/spring-aop-5.1.8.RELEASE.jar:/home/vlopez/.m2/repository/org/springframework/spring-beans/5.1.8.RELEASE/spring-beans-5.1.8.RELEASE.jar:/home/vlopez/.m2/repository/org/springframework/spring-core/5.1.8.RELEASE/spring-core-5.1.8.RELEASE.jar:/home/vlopez/.m2/repository/org/springframework/spring-jcl/5.1.8.RELEASE/spring-jcl-5.1.8.RELEASE.jar:/home/vlopez/.m2/repository/org/springframework/spring-expression/5.1.8.RELEASE/spring-expression-5.1.8.RELEASE.jar:/home/vlopez/.m2/repository/org/apache/commons/commons-text/1.9/commons-text-1.9.jar:/home/vlopez/.m2/repository/org/apache/commons/commons-lang3/3.11/commons-lang3-3.11.jar:/home/vlopez/.m2/repository/org/apache/logging/log4j/log4j-slf4j-impl/2.13.2/log4j-slf4j-impl-2.13.2.jar:/home/vlopez/.m2/repository/org/apache/logging/log4j/log4j-core/2.13.2/log4j-core-2.13.2.jar:/home/vlopez/.m2/repository/org/apache/logging/log4j/log4j-1.2-api/2.13.2/log4j-1.2-api-2.13.2.jar:"/>
    <property name="sun.cpu.endian" value="little"/>
    <property name="user.home" value="/home/vlopez"/>
    <property name="user.language" value="es"/>
    <property name="java.specification.vendor" value="Oracle Corporation"/>
    <property name="java.version.date" value="2021-10-19"/>
    <property name="java.home" value="/usr/lib/jvm/java-11-openjdk-amd64"/>
    <property name="file.separator" value="/"/>
    <property name="basedir" value="/home/vlopez/Escritorio/victoria_lopez_adidas/adidas"/>
    <property name="java.vm.compressedOopsMode" value="Zero based"/>
    <property name="line.separator" value="&#10;"/>
    <property name="java.specification.name" value="Java Platform API Specification"/>
    <property name="java.vm.specification.vendor" value="Oracle Corporation"/>
    <property name="java.awt.graphicsenv" value="sun.awt.X11GraphicsEnvironment"/>
    <property name="surefire.real.class.path" value="/home/vlopez/Escritorio/victoria_lopez_adidas/adidas/target/surefire/surefirebooter3687434683076995081.jar"/>
    <property name="sun.management.compiler" value="HotSpot 64-Bit Tiered Compilers"/>
    <property name="java.runtime.version" value="11.0.13+8-Ubuntu-0ubuntu1.20.04"/>
    <property name="user.name" value="vlopez"/>
    <property name="path.separator" value=":"/>
    <property name="os.version" value="5.11.0-43-generic"/>
    <property name="java.runtime.name" value="OpenJDK Runtime Environment"/>
    <property name="file.encoding" value="UTF-8"/>
    <property name="java.vm.name" value="OpenJDK 64-Bit Server VM"/>
    <property name="localRepository" value="/home/vlopez/.m2/repository"/>
    <property name="java.vendor.url.bug" value="https://bugs.launchpad.net/ubuntu/+source/openjdk-lts"/>
    <property name="java.io.tmpdir" value="/tmp"/>
    <property name="java.version" value="11.0.13"/>
    <property name="user.dir" value="/home/vlopez/Escritorio/victoria_lopez_adidas/adidas"/>
    <property name="os.arch" value="amd64"/>
    <property name="java.vm.specification.name" value="Java Virtual Machine Specification"/>
    <property name="java.awt.printerjob" value="sun.print.PSPrinterJob"/>
    <property name="it.test" value="victoria.adidas.runners.pet.createPet.CreatePetAPI"/>
    <property name="env" value="prod"/>
    <property name="sun.os.patch.level" value="unknown"/>
    <property name="java.library.path" value="/usr/java/packages/lib:/usr/lib/x86_64-linux-gnu/jni:/lib/x86_64-linux-gnu:/usr/lib/x86_64-linux-gnu:/usr/lib/jni:/lib:/usr/lib"/>
    <property name="java.vm.info" value="mixed mode, sharing"/>
    <property name="java.vendor" value="Ubuntu"/>
    <property name="java.vm.version" value="11.0.13+8-Ubuntu-0ubuntu1.20.04"/>
    <property name="sun.io.unicode.encoding" value="UnicodeLittle"/>
    <property name="java.class.version" value="55.0"/>
  </properties>
  <testcase name="runScenario" classname="victoria.adidas.runners.pet.createPet.CreatePetAPI" time="4.259"/>
</testsuite>